#
# A fatal error has been detected by the Java Runtime Environment:
#
#  EXCEPTION_ACCESS_VIOLATION (0xc0000005) at pc=0x000000006f962ee6, pid=5924, tid=0x00000000000010a8
#
# JRE version: Java(TM) SE Runtime Environment (8.0_181-b13) (build 1.8.0_181-b13)
# Java VM: Java HotSpot(TM) 64-Bit Server VM (25.181-b13 mixed mode windows-amd64 compressed oops)
# Problematic frame:
# V  [jvm.dll+0x402ee6]
#
# Failed to write core dump. Minidumps are not enabled by default on client versions of Windows
#
# If you would like to submit a bug report, please visit:
#   http://bugreport.java.com/bugreport/crash.jsp
#

---------------  T H R E A D  ---------------

Current thread (0x00000000028e0800):  GCTaskThread [stack: 0x0000000012750000,0x0000000012850000] [id=4264]

siginfo: ExceptionCode=0xc0000005, reading address 0xffffffffffffffff

Registers:
RAX=0xd8ce786100000000, RBX=0x00000000f495f1c8, RCX=0x00000000f495f1c8, RDX=0x0000000000e00108
RSP=0x000000001284fa20, RBP=0x00000000001c0022, RSI=0x0000000014cb7280, RDI=0x0000000018c97210
R8 =0x00000000001c0022, R9 =0x0000000000e00108, R10=0x0000000000000008, R11=0x0000000000000000
R12=0x000000006fbba2d8, R13=0xd8ce786100000000, R14=0x0000000000000000, R15=0x00000000028e0cd0
RIP=0x000000006f962ee6, EFLAGS=0x0000000000010286

Top of Stack: (sp=0x000000001284fa20)
0x000000001284fa20:   00000000f50cf038 0000000000000004
0x000000001284fa30:   0000000014cb7280 000000006f64d2b0
0x000000001284fa40:   00000000028dcb70 00000000fffe9e60
0x000000001284fa50:   00000000d513c330 0000000000000400
0x000000001284fa60:   0000000000000000 00000000028dcb01
0x000000001284fa70:   000000006fbba2d8 000000006f963240
0x000000001284fa80:   00000000d5126934 0000000000000000
0x000000001284fa90:   0000000014cb7280 0000000018c97210
0x000000001284faa0:   00000000d5126934 000000006f963c15
0x000000001284fab0:   0000000000000005 000000006f966323
0x000000001284fac0:   00000000d51269e8 000000006f673be3
0x000000001284fad0:   00000000d51269e1 00000000d51269e1
0x000000001284fae0:   000031da000022dd 000025fb00001807
0x000000001284faf0:   0000000000000400 000000006f96361b
0x000000001284fb00:   000031da000022de 0000269900002b0c
0x000000001284fb10:   00000000028e0cc0 000031da000022dd 

Instructions: (pc=0x000000006f962ee6)
0x000000006f962ec6:   48 8b 52 08 48 8b cb e8 0e db ca ff 48 63 e8 41
0x000000006f962ed6:   0f b6 c5 f6 d0 a8 01 49 8b c5 74 06 48 83 e0 fd
0x000000006f962ee6:   8b 00 48 c1 e8 03 83 e0 0f 3b 05 13 ff 41 00 0f
0x000000006f962ef6:   83 11 01 00 00 48 8b d5 48 8b ce e8 3a fa ff ff 


Register to memory mapping:

RAX=0xd8ce786100000000 is an unknown value
RBX=0x00000000f495f1c8 is an oop

[error occurred during error reporting (printing register info), id 0xc0000005]

Stack: [0x0000000012750000,0x0000000012850000],  sp=0x000000001284fa20,  free space=1022k
Native frames: (J=compiled Java code, j=interpreted, Vv=VM code, C=native code)
V  [jvm.dll+0x402ee6]
V  [jvm.dll+0x403240]
V  [jvm.dll+0x403c15]
V  [jvm.dll+0x4067f1]
V  [jvm.dll+0x3f4dde]
V  [jvm.dll+0x29e64a]
C  [msvcr100.dll+0x21d9f]
C  [msvcr100.dll+0x21e3b]
C  [KERNEL32.DLL+0x13034]
C  [ntdll.dll+0x71461]


---------------  P R O C E S S  ---------------

Java Threads: ( => current thread )
  0x000000001bdff000 JavaThread "DestroyJavaVM" [_thread_blocked, id=9448, stack(0x0000000002770000,0x0000000002870000)]
  0x000000001be04000 JavaThread "Thread-6" daemon [_thread_blocked, id=8228, stack(0x000000001eef0000,0x000000001eff0000)]
  0x000000001be01000 JavaThread "Thread-8" [_thread_blocked, id=9256, stack(0x000000001edf0000,0x000000001eef0000)]
  0x000000001be00800 JavaThread "Thread-7" daemon [_thread_in_native, id=9456, stack(0x000000001ecf0000,0x000000001edf0000)]
  0x000000001be02000 JavaThread "http-nio-8089-AsyncTimeout" daemon [_thread_blocked, id=5752, stack(0x000000001ebf0000,0x000000001ecf0000)]
  0x000000001be05800 JavaThread "http-nio-8089-Acceptor-0" daemon [_thread_in_native, id=6012, stack(0x000000001eaf0000,0x000000001ebf0000)]
  0x000000001bdfe000 JavaThread "http-nio-8089-ClientPoller-1" daemon [_thread_in_native, id=7392, stack(0x000000001e9f0000,0x000000001eaf0000)]
  0x000000001be05000 JavaThread "http-nio-8089-ClientPoller-0" daemon [_thread_in_native, id=4776, stack(0x000000001e8f0000,0x000000001e9f0000)]
  0x000000001be03800 JavaThread "http-nio-8089-exec-10" daemon [_thread_blocked, id=9516, stack(0x000000001e7f0000,0x000000001e8f0000)]
  0x000000001be02800 JavaThread "http-nio-8089-exec-9" daemon [_thread_blocked, id=9436, stack(0x000000001e6f0000,0x000000001e7f0000)]
  0x000000001bdfd800 JavaThread "http-nio-8089-exec-8" daemon [_thread_blocked, id=4060, stack(0x000000001e5f0000,0x000000001e6f0000)]
  0x000000001bd72000 JavaThread "http-nio-8089-exec-7" daemon [_thread_blocked, id=9376, stack(0x000000001e4f0000,0x000000001e5f0000)]
  0x000000001bd75000 JavaThread "http-nio-8089-exec-6" daemon [_thread_blocked, id=9732, stack(0x000000001e3f0000,0x000000001e4f0000)]
  0x000000001bd74000 JavaThread "http-nio-8089-exec-5" daemon [_thread_blocked, id=5220, stack(0x000000001e2f0000,0x000000001e3f0000)]
  0x000000001bd73800 JavaThread "http-nio-8089-exec-4" daemon [_thread_blocked, id=9976, stack(0x000000001e1f0000,0x000000001e2f0000)]
  0x000000001bd72800 JavaThread "http-nio-8089-exec-3" daemon [_thread_blocked, id=10220, stack(0x000000001e0f0000,0x000000001e1f0000)]
  0x000000001ba24000 JavaThread "http-nio-8089-exec-2" daemon [_thread_blocked, id=10216, stack(0x000000001dff0000,0x000000001e0f0000)]
  0x000000001ba23800 JavaThread "http-nio-8089-exec-1" daemon [_thread_blocked, id=3684, stack(0x000000001def0000,0x000000001dff0000)]
  0x000000001bd77800 JavaThread "NioBlockingSelector.BlockPoller-1" daemon [_thread_blocked, id=8984, stack(0x000000001ddf0000,0x000000001def0000)]
  0x00000000176b4800 JavaThread "container-0" [_thread_blocked, id=7712, stack(0x000000001d6f0000,0x000000001d7f0000)]
  0x0000000017674800 JavaThread "ContainerBackgroundProcessor[StandardEngine[Tomcat]]" daemon [_thread_blocked, id=616, stack(0x000000001d5f0000,0x000000001d6f0000)]
  0x00000000194c7800 JavaThread "Tomcat JDBC Pool Cleaner[414493378:1539200191415]" daemon [_thread_blocked, id=9944, stack(0x000000001c3f0000,0x000000001c4f0000)]
  0x000000001780d800 JavaThread "FileSystemWatcher: files=#55 cl=sun.misc.Launcher$AppClassLoader@18b4aac2" daemon [_thread_blocked, id=9576, stack(0x00000000180d0000,0x00000000181d0000)]
  0x000000001777d800 JavaThread "Service Thread" daemon [_thread_blocked, id=5276, stack(0x0000000017ed0000,0x0000000017fd0000)]
  0x000000001766a800 JavaThread "C1 CompilerThread2" daemon [_thread_blocked, id=9160, stack(0x0000000017dd0000,0x0000000017ed0000)]
  0x000000001757e800 JavaThread "C2 CompilerThread1" daemon [_thread_blocked, id=5100, stack(0x0000000017cd0000,0x0000000017dd0000)]
  0x0000000017590800 JavaThread "C2 CompilerThread0" daemon [_thread_blocked, id=5180, stack(0x0000000017bd0000,0x0000000017cd0000)]
  0x0000000016be7000 JavaThread "Attach Listener" daemon [_thread_blocked, id=9772, stack(0x00000000172d0000,0x00000000173d0000)]
  0x0000000016be6000 JavaThread "Signal Dispatcher" daemon [_thread_blocked, id=1072, stack(0x00000000171d0000,0x00000000172d0000)]
  0x0000000016bd1000 JavaThread "Finalizer" daemon [_thread_blocked, id=9556, stack(0x0000000016fb0000,0x00000000170b0000)]
  0x0000000014cc0800 JavaThread "Reference Handler" daemon [_thread_blocked, id=9916, stack(0x0000000016ab0000,0x0000000016bb0000)]

Other Threads:
  0x0000000014cb9800 VMThread [stack: 0x00000000169b0000,0x0000000016ab0000] [id=9752]
  0x0000000017656000 WatcherThread [stack: 0x0000000017fd0000,0x00000000180d0000] [id=9952]

=>0x00000000028e0800 (exited) GCTaskThread [stack: 0x0000000012750000,0x0000000012850000] [id=4264]

VM state:at safepoint (normal execution)

VM Mutex/Monitor currently owned by a thread:  ([mutex/lock_event])
[0x00000000028b70f0] Threads_lock - owner thread: 0x0000000014cb9800
[0x00000000028b6af0] Heap_lock - owner thread: 0x000000001be01000

Heap:
 PSYoungGen      total 222720K, used 222229K [0x00000000f0000000, 0x0000000100000000, 0x0000000100000000)
  eden space 188416K, 100% used [0x00000000f0000000,0x00000000fb800000,0x00000000fb800000)
  from space 34304K, 98% used [0x00000000fb800000,0x00000000fd9054f8,0x00000000fd980000)
  to   space 39424K, 99% used [0x00000000fd980000,0x00000000ffff9508,0x0000000100000000)
 ParOldGen       total 524288K, used 83522K [0x00000000d0000000, 0x00000000f0000000, 0x00000000f0000000)
  object space 524288K, 15% used [0x00000000d0000000,0x00000000d5190850,0x00000000f0000000)
 Metaspace       used 70261K, capacity 73150K, committed 73496K, reserved 1112064K
  class space    used 9125K, capacity 10138K, committed 10264K, reserved 1048576K

Card table byte_map: [0x0000000011ec0000,0x0000000012050000] byte_map_base: 0x0000000011840000

Marking Bits: (ParMarkBitMap*) 0x000000006fd82d00
 Begin Bits: [0x0000000012950000, 0x0000000013550000)
 End Bits:   [0x0000000013550000, 0x0000000014150000)

Polling page: 0x00000000026f0000

CodeCache: size=245760Kb used=18062Kb max_used=18062Kb free=227697Kb
 bounds [0x0000000002b00000, 0x0000000003cb0000, 0x0000000011b00000]
 total_blobs=8801 nmethods=8004 adapters=707
 compilation: enabled

Compilation events (10 events):
Event: 187.374 Thread 0x000000001766a800 8168   !   1       com.sun.proxy.$Proxy116::annotationType (50 bytes)
Event: 187.374 Thread 0x000000001766a800 nmethod 8168 0x0000000003ca5750 code [0x0000000003ca58e0, 0x0000000003ca5bb8]
Event: 187.377 Thread 0x000000001766a800 8169       1       org.codehaus.groovy.vmplugin.v5.Java5::annotationValueToExpression (119 bytes)
Event: 187.377 Thread 0x000000001766a800 nmethod 8169 0x0000000003ca5dd0 code [0x0000000003ca5fc0, 0x0000000003ca66c8]
Event: 187.379 Thread 0x000000001766a800 8170       1       sun.reflect.generics.tree.IntSignature::accept (8 bytes)
Event: 187.379 Thread 0x000000001766a800 nmethod 8170 0x0000000003ca6ad0 code [0x0000000003ca6c20, 0x0000000003ca6dd0]
Event: 187.380 Thread 0x000000001766a800 8171       1       sun.reflect.generics.visitor.Reifier::visitIntSignature (14 bytes)
Event: 187.380 Thread 0x000000001766a800 nmethod 8171 0x0000000003ca6f10 code [0x0000000003ca7060, 0x0000000003ca71d0]
Event: 187.386 Thread 0x000000001766a800 8172       1       org.codehaus.groovy.transform.stc.ExtensionMethodNode::<init> (26 bytes)
Event: 187.386 Thread 0x000000001766a800 nmethod 8172 0x0000000003ca7290 code [0x0000000003ca73e0, 0x0000000003ca7568]

GC Heap History (10 events):
Event: 46.280 GC heap after
Heap after GC invocations=24 (full 3):
 PSYoungGen      total 232960K, used 16936K [0x00000000f0000000, 0x0000000100000000, 0x0000000100000000)
  eden space 204800K, 0% used [0x00000000f0000000,0x00000000f0000000,0x00000000fc800000)
  from space 28160K, 60% used [0x00000000fc800000,0x00000000fd88a308,0x00000000fe380000)
  to   space 28160K, 0% used [0x00000000fe480000,0x00000000fe480000,0x0000000100000000)
 ParOldGen       total 524288K, used 82253K [0x00000000d0000000, 0x00000000f0000000, 0x00000000f0000000)
  object space 524288K, 15% used [0x00000000d0000000,0x00000000d5053640,0x00000000f0000000)
 Metaspace       used 61226K, capacity 62428K, committed 62744K, reserved 1103872K
  class space    used 7588K, capacity 7886K, committed 7960K, reserved 1048576K
}
Event: 52.588 GC heap before
{Heap before GC invocations=25 (full 3):
 PSYoungGen      total 232960K, used 221736K [0x00000000f0000000, 0x0000000100000000, 0x0000000100000000)
  eden space 204800K, 100% used [0x00000000f0000000,0x00000000fc800000,0x00000000fc800000)
  from space 28160K, 60% used [0x00000000fc800000,0x00000000fd88a308,0x00000000fe380000)
  to   space 28160K, 0% used [0x00000000fe480000,0x00000000fe480000,0x0000000100000000)
 ParOldGen       total 524288K, used 82253K [0x00000000d0000000, 0x00000000f0000000, 0x00000000f0000000)
  object space 524288K, 15% used [0x00000000d0000000,0x00000000d5053640,0x00000000f0000000)
 Metaspace       used 64879K, capacity 66312K, committed 66456K, reserved 1107968K
  class space    used 8147K, capacity 8582K, committed 8600K, reserved 1048576K
Event: 52.603 GC heap after
Heap after GC invocations=25 (full 3):
 PSYoungGen      total 230912K, used 22288K [0x00000000f0000000, 0x0000000100000000, 0x0000000100000000)
  eden space 202752K, 0% used [0x00000000f0000000,0x00000000f0000000,0x00000000fc600000)
  from space 28160K, 79% used [0x00000000fe480000,0x00000000ffa44330,0x0000000100000000)
  to   space 29696K, 0% used [0x00000000fc600000,0x00000000fc600000,0x00000000fe300000)
 ParOldGen       total 524288K, used 82261K [0x00000000d0000000, 0x00000000f0000000, 0x00000000f0000000)
  object space 524288K, 15% used [0x00000000d0000000,0x00000000d5055640,0x00000000f0000000)
 Metaspace       used 64879K, capacity 66312K, committed 66456K, reserved 1107968K
  class space    used 8147K, capacity 8582K, committed 8600K, reserved 1048576K
}
Event: 56.263 GC heap before
{Heap before GC invocations=26 (full 3):
 PSYoungGen      total 230912K, used 225040K [0x00000000f0000000, 0x0000000100000000, 0x0000000100000000)
  eden space 202752K, 100% used [0x00000000f0000000,0x00000000fc600000,0x00000000fc600000)
  from space 28160K, 79% used [0x00000000fe480000,0x00000000ffa44330,0x0000000100000000)
  to   space 29696K, 0% used [0x00000000fc600000,0x00000000fc600000,0x00000000fe300000)
 ParOldGen       total 524288K, used 82261K [0x00000000d0000000, 0x00000000f0000000, 0x00000000f0000000)
  object space 524288K, 15% used [0x00000000d0000000,0x00000000d5055640,0x00000000f0000000)
 Metaspace       used 66369K, capacity 67856K, committed 68120K, reserved 1107968K
  class space    used 8387K, capacity 8866K, committed 8984K, reserved 1048576K
Event: 56.280 GC heap after
Heap after GC invocations=26 (full 3):
 PSYoungGen      total 229376K, used 26211K [0x00000000f0000000, 0x0000000100000000, 0x0000000100000000)
  eden space 202752K, 0% used [0x00000000f0000000,0x00000000f0000000,0x00000000fc600000)
  from space 26624K, 98% used [0x00000000fc600000,0x00000000fdf98c70,0x00000000fe000000)
  to   space 32768K, 0% used [0x00000000fe000000,0x00000000fe000000,0x0000000100000000)
 ParOldGen       total 524288K, used 82269K [0x00000000d0000000, 0x00000000f0000000, 0x00000000f0000000)
  object space 524288K, 15% used [0x00000000d0000000,0x00000000d5057640,0x00000000f0000000)
 Metaspace       used 66369K, capacity 67856K, committed 68120K, reserved 1107968K
  class space    used 8387K, capacity 8866K, committed 8984K, reserved 1048576K
}
Event: 72.515 GC heap before
{Heap before GC invocations=27 (full 3):
 PSYoungGen      total 229376K, used 228963K [0x00000000f0000000, 0x0000000100000000, 0x0000000100000000)
  eden space 202752K, 100% used [0x00000000f0000000,0x00000000fc600000,0x00000000fc600000)
  from space 26624K, 98% used [0x00000000fc600000,0x00000000fdf98c70,0x00000000fe000000)
  to   space 32768K, 0% used [0x00000000fe000000,0x00000000fe000000,0x0000000100000000)
 ParOldGen       total 524288K, used 82269K [0x00000000d0000000, 0x00000000f0000000, 0x00000000f0000000)
  object space 524288K, 15% used [0x00000000d0000000,0x00000000d5057640,0x00000000f0000000)
 Metaspace       used 68448K, capacity 70734K, committed 70936K, reserved 1110016K
  class space    used 8800K, capacity 9677K, committed 9752K, reserved 1048576K
Event: 72.532 GC heap after
Heap after GC invocations=27 (full 3):
 PSYoungGen      total 221184K, used 31466K [0x00000000f0000000, 0x0000000100000000, 0x0000000100000000)
  eden space 188416K, 0% used [0x00000000f0000000,0x00000000f0000000,0x00000000fb800000)
  from space 32768K, 96% used [0x00000000fe000000,0x00000000ffeba908,0x0000000100000000)
  to   space 36864K, 0% used [0x00000000fb800000,0x00000000fb800000,0x00000000fdc00000)
 ParOldGen       total 524288K, used 82277K [0x00000000d0000000, 0x00000000f0000000, 0x00000000f0000000)
  object space 524288K, 15% used [0x00000000d0000000,0x00000000d5059640,0x00000000f0000000)
 Metaspace       used 68448K, capacity 70734K, committed 70936K, reserved 1110016K
  class space    used 8800K, capacity 9677K, committed 9752K, reserved 1048576K
}
Event: 81.153 GC heap before
{Heap before GC invocations=28 (full 3):
 PSYoungGen      total 221184K, used 219882K [0x00000000f0000000, 0x0000000100000000, 0x0000000100000000)
  eden space 188416K, 100% used [0x00000000f0000000,0x00000000fb800000,0x00000000fb800000)
  from space 32768K, 96% used [0x00000000fe000000,0x00000000ffeba908,0x0000000100000000)
  to   space 36864K, 0% used [0x00000000fb800000,0x00000000fb800000,0x00000000fdc00000)
 ParOldGen       total 524288K, used 82277K [0x00000000d0000000, 0x00000000f0000000, 0x00000000f0000000)
  object space 524288K, 15% used [0x00000000d0000000,0x00000000d5059640,0x00000000f0000000)
 Metaspace       used 69223K, capacity 71894K, committed 72216K, reserved 1112064K
  class space    used 8954K, capacity 9939K, committed 10008K, reserved 1048576K
Event: 81.172 GC heap after
Heap after GC invocations=28 (full 3):
 PSYoungGen      total 222720K, used 33813K [0x00000000f0000000, 0x0000000100000000, 0x0000000100000000)
  eden space 188416K, 0% used [0x00000000f0000000,0x00000000f0000000,0x00000000fb800000)
  from space 34304K, 98% used [0x00000000fb800000,0x00000000fd9054f8,0x00000000fd980000)
  to   space 39424K, 0% used [0x00000000fd980000,0x00000000fd980000,0x0000000100000000)
 ParOldGen       total 524288K, used 82285K [0x00000000d0000000, 0x00000000f0000000, 0x00000000f0000000)
  object space 524288K, 15% used [0x00000000d0000000,0x00000000d505b640,0x00000000f0000000)
 Metaspace       used 69223K, capacity 71894K, committed 72216K, reserved 1112064K
  class space    used 8954K, capacity 9939K, committed 10008K, reserved 1048576K
}
Event: 187.407 GC heap before
{Heap before GC invocations=29 (full 3):
 PSYoungGen      total 222720K, used 222229K [0x00000000f0000000, 0x0000000100000000, 0x0000000100000000)
  eden space 188416K, 100% used [0x00000000f0000000,0x00000000fb800000,0x00000000fb800000)
  from space 34304K, 98% used [0x00000000fb800000,0x00000000fd9054f8,0x00000000fd980000)
  to   space 39424K, 0% used [0x00000000fd980000,0x00000000fd980000,0x0000000100000000)
 ParOldGen       total 524288K, used 82285K [0x00000000d0000000, 0x00000000f0000000, 0x00000000f0000000)
  object space 524288K, 15% used [0x00000000d0000000,0x00000000d505b640,0x00000000f0000000)
 Metaspace       used 70261K, capacity 73150K, committed 73496K, reserved 1112064K
  class space    used 9125K, capacity 10138K, committed 10264K, reserved 1048576K

Deoptimization events (0 events):
No events

Classes redefined (0 events):
No events

Internal exceptions (10 events):
Event: 187.406 Thread 0x000000001be01000 Exception <a 'java/lang/ArrayIndexOutOfBoundsException'> (0x00000000fb7d33a0) thrown at [C:\re\workspace\8-2-build-windows-amd64-cygwin\jdk8u181\11358\hotspot\src\share\vm\runtime\sharedRuntime.cpp, line 605]
Event: 187.406 Thread 0x000000001be01000 Exception <a 'java/lang/ArrayIndexOutOfBoundsException'> (0x00000000fb7db808) thrown at [C:\re\workspace\8-2-build-windows-amd64-cygwin\jdk8u181\11358\hotspot\src\share\vm\runtime\sharedRuntime.cpp, line 605]
Event: 187.406 Thread 0x000000001be01000 Exception <a 'java/lang/ArrayIndexOutOfBoundsException'> (0x00000000fb7dfac0) thrown at [C:\re\workspace\8-2-build-windows-amd64-cygwin\jdk8u181\11358\hotspot\src\share\vm\runtime\sharedRuntime.cpp, line 605]
Event: 187.406 Thread 0x000000001be01000 Exception <a 'java/lang/ArrayIndexOutOfBoundsException'> (0x00000000fb7e3b80) thrown at [C:\re\workspace\8-2-build-windows-amd64-cygwin\jdk8u181\11358\hotspot\src\share\vm\runtime\sharedRuntime.cpp, line 605]
Event: 187.406 Thread 0x000000001be01000 Exception <a 'java/lang/ArrayIndexOutOfBoundsException'> (0x00000000fb7e78c8) thrown at [C:\re\workspace\8-2-build-windows-amd64-cygwin\jdk8u181\11358\hotspot\src\share\vm\runtime\sharedRuntime.cpp, line 605]
Event: 187.406 Thread 0x000000001be01000 Exception <a 'java/lang/ArrayIndexOutOfBoundsException'> (0x00000000fb7eb998) thrown at [C:\re\workspace\8-2-build-windows-amd64-cygwin\jdk8u181\11358\hotspot\src\share\vm\runtime\sharedRuntime.cpp, line 605]
Event: 187.406 Thread 0x000000001be01000 Exception <a 'java/lang/ArrayIndexOutOfBoundsException'> (0x00000000fb7efd48) thrown at [C:\re\workspace\8-2-build-windows-amd64-cygwin\jdk8u181\11358\hotspot\src\share\vm\runtime\sharedRuntime.cpp, line 605]
Event: 187.406 Thread 0x000000001be01000 Exception <a 'java/lang/ArrayIndexOutOfBoundsException'> (0x00000000fb7f3e28) thrown at [C:\re\workspace\8-2-build-windows-amd64-cygwin\jdk8u181\11358\hotspot\src\share\vm\runtime\sharedRuntime.cpp, line 605]
Event: 187.406 Thread 0x000000001be01000 Exception <a 'java/lang/ArrayIndexOutOfBoundsException'> (0x00000000fb7f7b88) thrown at [C:\re\workspace\8-2-build-windows-amd64-cygwin\jdk8u181\11358\hotspot\src\share\vm\runtime\sharedRuntime.cpp, line 605]
Event: 187.407 Thread 0x000000001be01000 Exception <a 'java/lang/ArrayIndexOutOfBoundsException'> (0x00000000fb7fd128) thrown at [C:\re\workspace\8-2-build-windows-amd64-cygwin\jdk8u181\11358\hotspot\src\share\vm\runtime\sharedRuntime.cpp, line 605]

Events (10 events):
Event: 187.325 loading class groovy/transform/stc/MapEntryOrKeyValue done
Event: 187.326 loading class groovy/transform/stc/FirstParam$FirstGenericType
Event: 187.326 loading class groovy/transform/stc/FirstParam$FirstGenericType done
Event: 187.328 loading class groovy/transform/stc/FromString
Event: 187.328 loading class groovy/transform/stc/FromString done
Event: 187.385 loading class groovy/transform/stc/SimpleType
Event: 187.385 loading class groovy/transform/stc/SimpleType done
Event: 187.393 loading class groovy/io/FileVisitResult
Event: 187.393 loading class groovy/io/FileVisitResult done
Event: 187.407 Executing VM operation: ParallelGCFailedAllocation


Dynamic libraries:
0x00007ff720d50000 - 0x00007ff720d87000 	C:\Program Files\Java\jdk1.8.0_181\bin\java.exe
0x00007ff8dd170000 - 0x00007ff8dd351000 	C:\Windows\SYSTEM32\ntdll.dll
0x00007ff8da6a0000 - 0x00007ff8da752000 	C:\Windows\System32\KERNEL32.DLL
0x00007ff8da380000 - 0x00007ff8da5f3000 	C:\Windows\System32\KERNELBASE.dll
0x00007ff8dac30000 - 0x00007ff8dacd1000 	C:\Windows\System32\ADVAPI32.dll
0x00007ff8da600000 - 0x00007ff8da69e000 	C:\Windows\System32\msvcrt.dll
0x00007ff8da8a0000 - 0x00007ff8da8fb000 	C:\Windows\System32\sechost.dll
0x00007ff8db170000 - 0x00007ff8db294000 	C:\Windows\System32\RPCRT4.dll
0x00007ff8db2a0000 - 0x00007ff8db430000 	C:\Windows\System32\USER32.dll
0x00007ff8da1c0000 - 0x00007ff8da1e0000 	C:\Windows\System32\win32u.dll
0x00007ff8dae60000 - 0x00007ff8dae88000 	C:\Windows\System32\GDI32.dll
0x00007ff8da1e0000 - 0x00007ff8da372000 	C:\Windows\System32\gdi32full.dll
0x00007ff8d95f0000 - 0x00007ff8d968f000 	C:\Windows\System32\msvcp_win.dll
0x00007ff8d9740000 - 0x00007ff8d983a000 	C:\Windows\System32\ucrtbase.dll
0x00007ff8cde80000 - 0x00007ff8ce0e9000 	C:\Windows\WinSxS\amd64_microsoft.windows.common-controls_6595b64144ccf1df_6.0.17134.285_none_fb4297e330656775\COMCTL32.dll
0x00007ff8da900000 - 0x00007ff8dac23000 	C:\Windows\System32\combase.dll
0x00007ff8da140000 - 0x00007ff8da1ba000 	C:\Windows\System32\bcryptPrimitives.dll
0x00007ff8dad90000 - 0x00007ff8dadbd000 	C:\Windows\System32\IMM32.DLL
0x000000006fe10000 - 0x000000006fee2000 	C:\Program Files\Java\jdk1.8.0_181\jre\bin\msvcr100.dll
0x000000006f560000 - 0x000000006fe02000 	C:\Program Files\Java\jdk1.8.0_181\jre\bin\server\jvm.dll
0x00007ff8dae90000 - 0x00007ff8dae98000 	C:\Windows\System32\PSAPI.DLL
0x00007ff8d58a0000 - 0x00007ff8d58a9000 	C:\Windows\SYSTEM32\WSOCK32.dll
0x00007ff8d6320000 - 0x00007ff8d6343000 	C:\Windows\SYSTEM32\WINMM.dll
0x00007ff8cef00000 - 0x00007ff8cef0a000 	C:\Windows\SYSTEM32\VERSION.dll
0x00007ff8dd0c0000 - 0x00007ff8dd12c000 	C:\Windows\System32\WS2_32.dll
0x00007ff8d62f0000 - 0x00007ff8d631a000 	C:\Windows\SYSTEM32\winmmbase.dll
0x00007ff8d9540000 - 0x00007ff8d9589000 	C:\Windows\System32\cfgmgr32.dll
0x000000006f550000 - 0x000000006f55f000 	C:\Program Files\Java\jdk1.8.0_181\jre\bin\verify.dll
0x000000006f520000 - 0x000000006f549000 	C:\Program Files\Java\jdk1.8.0_181\jre\bin\java.dll
0x000000006f480000 - 0x000000006f4a3000 	C:\Program Files\Java\jdk1.8.0_181\jre\bin\instrument.dll
0x000000006f500000 - 0x000000006f516000 	C:\Program Files\Java\jdk1.8.0_181\jre\bin\zip.dll
0x00007ff8dbc20000 - 0x00007ff8dd060000 	C:\Windows\System32\SHELL32.dll
0x00007ff8dace0000 - 0x00007ff8dad89000 	C:\Windows\System32\shcore.dll
0x00007ff8d9840000 - 0x00007ff8d9f4d000 	C:\Windows\System32\windows.storage.dll
0x00007ff8db110000 - 0x00007ff8db161000 	C:\Windows\System32\shlwapi.dll
0x00007ff8d9500000 - 0x00007ff8d9511000 	C:\Windows\System32\kernel.appcore.dll
0x00007ff8d94e0000 - 0x00007ff8d94ff000 	C:\Windows\System32\profapi.dll
0x00007ff8d9490000 - 0x00007ff8d94dc000 	C:\Windows\System32\powrprof.dll
0x00007ff8d9480000 - 0x00007ff8d948a000 	C:\Windows\System32\FLTLIB.DLL
0x000000006f4e0000 - 0x000000006f4fa000 	C:\Program Files\Java\jdk1.8.0_181\jre\bin\net.dll
0x00007ff8d8d00000 - 0x00007ff8d8d66000 	C:\Windows\system32\mswsock.dll
0x00007ff8c9b60000 - 0x00007ff8c9b76000 	C:\Windows\system32\napinsp.dll
0x00007ff8c9b40000 - 0x00007ff8c9b5a000 	C:\Windows\system32\pnrpnsp.dll
0x00007ff8d5dd0000 - 0x00007ff8d5de9000 	C:\Windows\system32\NLAapi.dll
0x00007ff8d8ac0000 - 0x00007ff8d8b7e000 	C:\Windows\SYSTEM32\DNSAPI.dll
0x00007ff8da760000 - 0x00007ff8da768000 	C:\Windows\System32\NSI.dll
0x00007ff8d8a80000 - 0x00007ff8d8ab8000 	C:\Windows\SYSTEM32\IPHLPAPI.DLL
0x00007ff8d0980000 - 0x00007ff8d098e000 	C:\Windows\System32\winrnr.dll
0x00007ff8c5650000 - 0x00007ff8c5665000 	C:\Windows\System32\wshbth.dll
0x00007ff8d0ae0000 - 0x00007ff8d0aea000 	C:\Windows\System32\rasadhlp.dll
0x00007ff8d0cf0000 - 0x00007ff8d0d62000 	C:\Windows\System32\fwpuclnt.dll
0x00007ff8d8fe0000 - 0x00007ff8d9005000 	C:\Windows\SYSTEM32\bcrypt.dll
0x000000006f4b0000 - 0x000000006f4bd000 	C:\Program Files\Java\jdk1.8.0_181\jre\bin\management.dll
0x000000006f4c0000 - 0x000000006f4d1000 	C:\Program Files\Java\jdk1.8.0_181\jre\bin\nio.dll
0x00007ff8d8eb0000 - 0x00007ff8d8ec7000 	C:\Windows\SYSTEM32\CRYPTSP.dll
0x00007ff8d88e0000 - 0x00007ff8d8913000 	C:\Windows\system32\rsaenh.dll
0x00007ff8d93b0000 - 0x00007ff8d93d8000 	C:\Windows\SYSTEM32\USERENV.dll
0x00007ff8d8ed0000 - 0x00007ff8d8edb000 	C:\Windows\SYSTEM32\CRYPTBASE.dll
0x00007ff8d3570000 - 0x00007ff8d3586000 	C:\Windows\SYSTEM32\dhcpcsvc6.DLL
0x00007ff8d3400000 - 0x00007ff8d341a000 	C:\Windows\SYSTEM32\dhcpcsvc.DLL
0x00007ff8b3070000 - 0x00007ff8b3239000 	C:\Windows\SYSTEM32\dbghelp.dll

VM Arguments:
jvm_args: -Dendpoints.shutdown.enabled=true -Denv=development -Dfull.stacktrace=false -Dgrails.env=development -Dgrails.full.stacktrace=false -Dinfo.app.grailsVersion=3.3.8 -Dinfo.app.name=firstgrailsproject -Dinfo.app.version=0.1 -Djdk.reflect.allowGetCallerClass=true -Drun.active=true -Dserver.port=8089 -Dspring.output.ansi.enabled=always -Dspring.profiles.active -Dspringloaded=inclusions=grails.plugins..*;synchronize=true;allowSplitPackages=true;cacheDir=C:\Users\Hamza\Desktop\tpgrails\GrailsGameManagement\build\springloaded -Dverbose=false -XX:+TieredCompilation -XX:TieredStopAtLevel=1 -XX:CICompilerCount=3 -javaagent:C:\Users\Hamza\.gradle\caches\modules-2\files-2.1\org.springframework\springloaded\1.2.8.RELEASE\b60bac05b0451cdc1863bfec617f39aa0dcaaa43\springloaded-1.2.8.RELEASE.jar -Xverify:none -Xms768m -Xmx768m -Dfile.encoding=UTF-8 -Duser.country=FR -Duser.language=fr -Duser.variant 
java_command: fr.mbds.tp.Application
java_class_path (initial): C:\Users\Hamza\Desktop\tpgrails\GrailsGameManagement\src\main\resources;C:\Users\Hamza\Desktop\tpgrails\GrailsGameManagement\grails-app\views;C:\Users\Hamza\Desktop\tpgrails\GrailsGameManagement\grails-app\i18n;C:\Users\Hamza\Desktop\tpgrails\GrailsGameManagement\grails-app\conf;C:\Users\Hamza\Desktop\tpgrails\GrailsGameManagement\build\classes\main;C:\Users\Hamza\Desktop\tpgrails\GrailsGameManagement\build\resources\main;C:\Users\Hamza\Desktop\tpgrails\GrailsGameManagement\gsp-classes;C:\Users\Hamza\.gradle\caches\modules-2\files-2.1\org.grails.plugins\spring-security-core\3.2.3\b4b937c45c69c062cb05007edd1fc66b06c7c999\spring-security-core-3.2.3.jar;C:\Users\Hamza\.gradle\caches\modules-2\files-2.1\org.springframework.boot\spring-boot-starter-logging\1.5.15.RELEASE\3a0d1b63705bb75ac54884c6c169b1e1908f1375\spring-boot-starter-logging-1.5.15.RELEASE.jar;C:\Users\Hamza\.gradle\caches\modules-2\files-2.1\org.springframework.boot\spring-boot-autoconfigure\1.5.15.RELEASE\9cb093e335fc58e61581edcb959813b62731ef8e\spring-boot-autoconfigure-1.5.15.RELEASE.jar;C:\Users\Hamza\.gradle\caches\modules-2\files-2.1\org.grails\grails-core\3.3.8\d535a1f07ed1a1ce388bc18c8b63a3f3abd1aeee\grails-core-3.3.8.jar;C:\Users\Hamza\.gradle\caches\modules-2\files-2.1\org.springframework.boot\spring-boot-starter-actuator\1.5.15.RELEASE\2f2e793c6c4592d99e58cf0668d1fcf2a84247f2\spring-boot-starter-actuator-1.5.15.RELEASE.jar;C:\Users\Hamza\.gradle\caches\modules-2\files-2.1\org.springframework.boot\spring-boot-starter-tomcat\1.5.15.RELEASE\4e1bf3cd8480137b32c61d6f0fb54a4b81406a80\spring-boot-starter-tomcat-1.5.15.RELEASE.jar;C:\Users\Hamza\.gradle\caches\modules-2\files-2.1\org.grails\grails-web-boot\3.3.8\173becb00d5a1d7cb1f1a44533d9ca8efd9843a\grails-web-boot-3.3.8.jar;C:\Users\Hamza\.gradle\caches\modules-2\files-2.1\org.grails\grails-logging\3.3.8\2c8647c42d85b7708d239ba3b2c2b422514f4fe9\grails-logging-3.3.8.jar;C:\Users\Hamza\.gradle\caches\modules-2\files-2.1\org
Launcher Type: SUN_STANDARD

Environment Variables:
JAVA_HOME=C:\Program Files\Java\jdk1.8.0_181\bin
PATH=C:\Program Files (x86)\Common Files\Oracle\Java\javapath;C:\Windows\system32;C:\Windows;C:\Windows\System32\Wbem;C:\Windows\System32\WindowsPowerShell\v1.0\;C:\Windows\System32\OpenSSH\;C:\Program Files\Git\cmd;C:\Program Files\PuTTY\;C:\Program Files\nodejs\;C:\Users\Hamza\AppData\Roaming\npm\node_modules\vue-cli\bin\;C:\Users\Hamza\AppData\Local\Microsoft\WindowsApps;C:\Users\Hamza\AppData\Roaming\npm;C:\Users\Hamza\AppData\Roaming\npm\node_modules\vue-cli\bin;;C:\Users\Hamza\AppData\Local\Programs\Microsoft VS Code\bin
USERNAME=Hamza
OS=Windows_NT
PROCESSOR_IDENTIFIER=Intel64 Family 6 Model 58 Stepping 9, GenuineIntel



---------------  S Y S T E M  ---------------

OS: Windows 10.0 , 64 bit Build 17134 (10.0.17134.1)

CPU:total 8 (initial active 8) (4 cores per cpu, 2 threads per core) family 6 model 58 stepping 9, cmov, cx8, fxsr, mmx, sse, sse2, sse3, ssse3, sse4.1, sse4.2, popcnt, avx, aes, clmul, erms, ht, tsc, tscinvbit, tscinv

Memory: 4k page, physical 6168048k(362124k free), swap 9969136k(1560660k free)

vm_info: Java HotSpot(TM) 64-Bit Server VM (25.181-b13) for windows-amd64 JRE (1.8.0_181-b13), built on Jul  7 2018 04:01:33 by "java_re" with MS VC++ 10.0 (VS2010)

time: Wed Oct 10 21:39:07 2018
elapsed time: 188 seconds (0d 0h 3m 8s)

